[2025-08-27  13:11:17] INFO main/main Icecast 2.4.4 server started
[2025-08-27  13:11:17] INFO connection/get_ssl_certificate No SSL capability on any configured ports
[2025-08-27  13:11:17] INFO yp/yp_update_thread YP update thread started
[2025-08-27  13:11:17] INFO stats/_stats_thread stats thread started
[2025-08-27  13:11:44] INFO admin/admin_handle_request Bad or missing password on admin command request (command: stats.xml)
[2025-08-27  13:18:04] EROR connection/_handle_connection Wrong request type from client
[2025-08-27  13:24:26] INFO connection/_handle_source_request Source logging in at mountpoint "/raido.mp3" from 172.19.0.8
[2025-08-27  13:24:26] WARN format/format_get_type Unsupported or legacy stream type: "audio/mpeg". Falling back to generic minimal handler for best effort.
[2025-08-27  13:24:26] INFO admin/admin_handle_request Received admin command metadata on mount "/raido.mp3"
[2025-08-27  13:24:26] INFO util/util_conv_string converting metadata from UTF-8 to ISO8859-1
[2025-08-27  13:24:26] INFO admin/command_metadata Metadata on mountpoint /raido.mp3 changed to "Unknown Artist - Unknown"
[2025-08-27  13:24:26] INFO source/source_main listener count on /raido.mp3 now 0
[2025-08-27  13:24:51] INFO admin/admin_handle_request Received admin command metadata on mount "/raido.mp3"
[2025-08-27  13:24:51] INFO util/util_conv_string converting metadata from UTF-8 to ISO8859-1
[2025-08-27  13:24:51] INFO admin/command_metadata Metadata on mountpoint /raido.mp3 changed to "Unknown Artist - Unknown"
[2025-08-27  13:25:09] INFO source/get_next_buffer End of Stream /raido.mp3
[2025-08-27  13:25:09] INFO source/source_shutdown Source from 172.19.0.8 at "/raido.mp3" exiting
[2025-08-27  13:25:28] EROR connection/_handle_connection Wrong request type from client
[2025-08-27  13:26:06] INFO connection/_handle_source_request Source logging in at mountpoint "/raido.mp3" from 172.19.0.8
[2025-08-27  13:26:06] WARN format/format_get_type Unsupported or legacy stream type: "audio/mpeg". Falling back to generic minimal handler for best effort.
[2025-08-27  13:26:06] INFO source/source_main listener count on /raido.mp3 now 0
[2025-08-27  13:26:06] INFO admin/admin_handle_request Received admin command metadata on mount "/raido.mp3"
[2025-08-27  13:26:06] INFO util/util_conv_string converting metadata from UTF-8 to ISO8859-1
[2025-08-27  13:26:06] INFO admin/command_metadata Metadata on mountpoint /raido.mp3 changed to "Toro y Moi - Spell It Out"
[2025-08-27  13:26:06] INFO fserve/fserve_client_create checking for file /stream/raido.mp3 (/usr/share/icecast/web/stream/raido.mp3)
[2025-08-27  13:26:06] WARN fserve/fserve_client_create req for file "/usr/share/icecast/web/stream/raido.mp3" No such file or directory
[2025-08-27  13:28:55] INFO admin/admin_handle_request Received admin command metadata on mount "/raido.mp3"
[2025-08-27  13:28:55] INFO util/util_conv_string converting metadata from UTF-8 to ISO8859-1
[2025-08-27  13:28:55] INFO admin/command_metadata Metadata on mountpoint /raido.mp3 changed to "My Morning Jacket - Rollin' Back"
[2025-08-27  13:29:47] EROR connection/_handle_connection Wrong request type from client
[2025-08-27  13:29:55] EROR connection/_handle_connection Wrong request type from client
[2025-08-27  13:30:21] INFO source/source_main listener count on /raido.mp3 now 1
[2025-08-27  13:30:21] INFO source/source_main listener count on /raido.mp3 now 0
[2025-08-27  13:32:15] INFO source/source_main listener count on /raido.mp3 now 1
[2025-08-27  13:32:15] INFO source/source_main listener count on /raido.mp3 now 2
[2025-08-27  13:32:15] INFO source/source_main listener count on /raido.mp3 now 1
[2025-08-27  13:32:21] INFO source/source_main listener count on /raido.mp3 now 2
[2025-08-27  13:32:21] INFO source/source_main listener count on /raido.mp3 now 3
[2025-08-27  13:32:22] INFO source/source_main listener count on /raido.mp3 now 2
[2025-08-27  13:32:38] INFO source/source_main listener count on /raido.mp3 now 3
[2025-08-27  13:32:38] INFO source/source_main listener count on /raido.mp3 now 2
[2025-08-27  13:32:38] INFO source/source_main listener count on /raido.mp3 now 3
[2025-08-27  13:32:38] INFO source/source_main listener count on /raido.mp3 now 2
[2025-08-27  13:32:54] INFO source/source_main listener count on /raido.mp3 now 1
[2025-08-27  13:36:41] INFO admin/admin_handle_request Received admin command metadata on mount "/raido.mp3"
[2025-08-27  13:36:41] INFO util/util_conv_string converting metadata from UTF-8 to ISO8859-1
[2025-08-27  13:36:41] INFO admin/command_metadata Metadata on mountpoint /raido.mp3 changed to "Fever Ray - Dry and Dusty"
[2025-08-27  13:37:06] INFO source/source_main listener count on /raido.mp3 now 2
[2025-08-27  13:37:06] INFO source/source_main listener count on /raido.mp3 now 3
[2025-08-27  13:37:06] INFO source/source_main listener count on /raido.mp3 now 2
[2025-08-27  13:37:22] INFO source/source_main listener count on /raido.mp3 now 3
[2025-08-27  13:37:22] INFO source/source_main listener count on /raido.mp3 now 2
[2025-08-27  13:37:22] INFO source/source_main listener count on /raido.mp3 now 3
[2025-08-27  13:37:23] INFO source/source_main listener count on /raido.mp3 now 2
[2025-08-27  13:37:39] INFO source/source_main listener count on /raido.mp3 now 1
[2025-08-27  13:46:21] INFO main/main Icecast 2.4.4 server started
[2025-08-27  13:46:21] INFO connection/get_ssl_certificate No SSL capability on any configured ports
[2025-08-27  13:46:21] INFO yp/yp_update_thread YP update thread started
[2025-08-27  13:46:27] INFO connection/_handle_source_request Source logging in at mountpoint "/raido.mp3" from 172.19.0.5
[2025-08-27  13:46:27] WARN format/format_get_type Unsupported or legacy stream type: "audio/mpeg". Falling back to generic minimal handler for best effort.
[2025-08-27  13:46:27] INFO source/source_main listener count on /raido.mp3 now 0
[2025-08-27  13:46:27] INFO admin/admin_handle_request Received admin command metadata on mount "/raido.mp3"
[2025-08-27  13:46:27] INFO util/util_conv_string converting metadata from UTF-8 to ISO8859-1
[2025-08-27  13:46:27] INFO admin/command_metadata Metadata on mountpoint /raido.mp3 changed to "Wilco - I'm A Wheel"
[2025-08-27  13:46:41] INFO source/source_main listener count on /raido.mp3 now 1
[2025-08-27  13:46:41] INFO source/source_main listener count on /raido.mp3 now 0
[2025-08-27  13:46:41] INFO source/source_main listener count on /raido.mp3 now 1
[2025-08-27  13:46:47] INFO source/source_main listener count on /raido.mp3 now 2
[2025-08-27  13:46:47] INFO source/source_main listener count on /raido.mp3 now 3
[2025-08-27  13:46:47] INFO source/source_main listener count on /raido.mp3 now 2
[2025-08-27  13:47:03] INFO source/source_main listener count on /raido.mp3 now 3
[2025-08-27  13:47:04] INFO source/source_main listener count on /raido.mp3 now 2
[2025-08-27  13:47:04] INFO source/source_main listener count on /raido.mp3 now 3
[2025-08-27  13:47:04] INFO source/source_main listener count on /raido.mp3 now 2
[2025-08-27  13:47:20] INFO source/source_main listener count on /raido.mp3 now 1
[2025-08-27  13:48:57] INFO admin/admin_handle_request Received admin command metadata on mount "/raido.mp3"
[2025-08-27  13:48:57] INFO util/util_conv_string converting metadata from UTF-8 to ISO8859-1
[2025-08-27  13:48:57] INFO admin/command_metadata Metadata on mountpoint /raido.mp3 changed to "Schoolboy Q - The Purge (Feat. Tyler The Creator, Kurupt)"
[2025-08-27  13:49:43] INFO source/source_main listener count on /raido.mp3 now 0
[2025-08-27  13:53:46] INFO admin/admin_handle_request Received admin command metadata on mount "/raido.mp3"
[2025-08-27  13:53:46] INFO util/util_conv_string converting metadata from UTF-8 to ISO8859-1
[2025-08-27  13:53:46] INFO admin/command_metadata Metadata on mountpoint /raido.mp3 changed to "2 Chainz, Lil Uzi Vert, Chief Keef - Free Lighter"
[2025-08-27  13:54:35] INFO fserve/fserve_client_create checking for file /style.css (/usr/share/icecast/web/style.css)
[2025-08-27  13:54:35] INFO fserve/fserve_client_create checking for file /icecast.png (/usr/share/icecast/web/icecast.png)
[2025-08-27  13:54:35] INFO fserve/fserve_client_create checking for file /tunein.png (/usr/share/icecast/web/tunein.png)
[2025-08-27  13:54:35] INFO fserve/fserve_client_create checking for file /favicon.ico (/usr/share/icecast/web/favicon.ico)
[2025-08-27  13:54:35] WARN fserve/fserve_client_create req for file "/usr/share/icecast/web/favicon.ico" No such file or directory
[2025-08-27  13:54:38] INFO fserve/fserve_client_create checking for file /style.css (/usr/share/icecast/web/style.css)
[2025-08-27  13:54:38] INFO fserve/fserve_client_create checking for file /icecast.png (/usr/share/icecast/web/icecast.png)
[2025-08-27  13:54:38] INFO fserve/fserve_client_create checking for file /tunein.png (/usr/share/icecast/web/tunein.png)
[2025-08-27  13:54:45] INFO source/source_main listener count on /raido.mp3 now 1
[2025-08-27  13:54:45] INFO source/source_main listener count on /raido.mp3 now 2
[2025-08-27  13:54:45] INFO source/source_main listener count on /raido.mp3 now 1
[2025-08-27  13:54:47] INFO source/source_main listener count on /raido.mp3 now 2
[2025-08-27  13:54:47] INFO source/source_main listener count on /raido.mp3 now 3
[2025-08-27  13:54:47] INFO source/source_main listener count on /raido.mp3 now 2
[2025-08-27  13:55:00] INFO fserve/fserve_client_create checking for file /style.css (/usr/share/icecast/web/style.css)
[2025-08-27  13:55:00] INFO fserve/fserve_client_create checking for file /icecast.png (/usr/share/icecast/web/icecast.png)
[2025-08-27  13:55:00] INFO fserve/fserve_client_create checking for file /tunein.png (/usr/share/icecast/web/tunein.png)
[2025-08-27  13:55:02] INFO source/source_main listener count on /raido.mp3 now 3
[2025-08-27  13:55:02] INFO source/source_main listener count on /raido.mp3 now 2
[2025-08-27  13:55:02] INFO source/source_main listener count on /raido.mp3 now 3
[2025-08-27  13:55:02] INFO source/source_main listener count on /raido.mp3 now 2
[2025-08-27  13:55:18] INFO source/source_main listener count on /raido.mp3 now 1
[2025-08-27  13:56:34] INFO admin/admin_handle_request Received admin command metadata on mount "/raido.mp3"
[2025-08-27  13:56:34] INFO util/util_conv_string converting metadata from UTF-8 to ISO8859-1
[2025-08-27  13:56:34] INFO admin/command_metadata Metadata on mountpoint /raido.mp3 changed to "Andrew Bird - Dark Matter"
[2025-08-27  13:57:13] INFO source/send_to_listener Client 22 (192.168.1.108) has fallen too far behind, removing
[2025-08-27  13:57:13] INFO source/source_main listener count on /raido.mp3 now 0
[2025-08-27  14:01:35] INFO admin/admin_handle_request Received admin command metadata on mount "/raido.mp3"
[2025-08-27  14:01:35] INFO util/util_conv_string converting metadata from UTF-8 to ISO8859-1
[2025-08-27  14:01:35] INFO admin/command_metadata Metadata on mountpoint /raido.mp3 changed to "Crosby Stills Nash And Young - Our House"
[2025-08-27  14:04:31] INFO admin/admin_handle_request Received admin command metadata on mount "/raido.mp3"
[2025-08-27  14:04:31] INFO util/util_conv_string converting metadata from UTF-8 to ISO8859-1
[2025-08-27  14:04:31] INFO admin/command_metadata Metadata on mountpoint /raido.mp3 changed to "The Rolling Stones - Sweet Black Angel"
[2025-08-27  14:07:21] INFO admin/admin_handle_request Received admin command metadata on mount "/raido.mp3"
[2025-08-27  14:07:21] INFO util/util_conv_string converting metadata from UTF-8 to ISO8859-1
[2025-08-27  14:07:21] INFO admin/command_metadata Metadata on mountpoint /raido.mp3 changed to "2 Chainz - Im Diffrent"
[2025-08-27  14:10:43] INFO admin/admin_handle_request Received admin command metadata on mount "/raido.mp3"
[2025-08-27  14:10:43] INFO util/util_conv_string converting metadata from UTF-8 to ISO8859-1
[2025-08-27  14:10:43] INFO admin/command_metadata Metadata on mountpoint /raido.mp3 changed to "The Notorious B.I.G. - What's Beef Feat. Diddy"
[2025-08-27  14:15:53] INFO admin/admin_handle_request Received admin command metadata on mount "/raido.mp3"
[2025-08-27  14:15:53] INFO util/util_conv_string converting metadata from UTF-8 to ISO8859-1
[2025-08-27  14:15:53] INFO admin/command_metadata Metadata on mountpoint /raido.mp3 changed to "Andrew Bird - Yawny At The Apocalypse"
[2025-08-27  14:19:27] INFO admin/admin_handle_request Received admin command metadata on mount "/raido.mp3"
[2025-08-27  14:19:27] INFO util/util_conv_string converting metadata from UTF-8 to ISO8859-1
[2025-08-27  14:19:27] INFO admin/command_metadata Metadata on mountpoint /raido.mp3 changed to "Sufjan Stevens - Age of Adz"
[2025-08-27  14:27:24] INFO admin/admin_handle_request Received admin command metadata on mount "/raido.mp3"
[2025-08-27  14:27:24] INFO util/util_conv_string converting metadata from UTF-8 to ISO8859-1
[2025-08-27  14:27:24] INFO admin/command_metadata Metadata on mountpoint /raido.mp3 changed to "Foo Fighters - Times Like These"
[2025-08-27  14:32:44] INFO admin/admin_handle_request Received admin command metadata on mount "/raido.mp3"
[2025-08-27  14:32:44] INFO util/util_conv_string converting metadata from UTF-8 to ISO8859-1
[2025-08-27  14:32:44] INFO admin/command_metadata Metadata on mountpoint /raido.mp3 changed to "Gorillaz - Feel Good Inc (Stanton Warriors Remix)"
[2025-08-27  14:40:04] INFO admin/admin_handle_request Received admin command metadata on mount "/raido.mp3"
[2025-08-27  14:40:04] INFO util/util_conv_string converting metadata from UTF-8 to ISO8859-1
[2025-08-27  14:40:04] INFO admin/command_metadata Metadata on mountpoint /raido.mp3 changed to "Frank Ocean - Godspeed"
[2025-08-27  14:42:57] INFO admin/admin_handle_request Received admin command metadata on mount "/raido.mp3"
[2025-08-27  14:42:57] INFO util/util_conv_string converting metadata from UTF-8 to ISO8859-1
[2025-08-27  14:42:57] INFO admin/command_metadata Metadata on mountpoint /raido.mp3 changed to "Grizzly Bear - La Duchess Anne"
[2025-08-27  14:46:47] INFO source/get_next_buffer End of Stream /raido.mp3
[2025-08-27  14:46:47] INFO source/source_shutdown Source from 172.19.0.5 at "/raido.mp3" exiting
[2025-08-27  14:46:47] INFO main/_server_proc Caught halt request, shutting down...
[2025-08-27  14:46:47] INFO main/main Shutting down
[2025-08-27  14:46:47] INFO fserve/fserve_shutdown file serving stopped
[2025-08-27  14:46:47] INFO slave/_slave_thread shutting down current relays
[2025-08-27  14:46:47] INFO slave/_slave_thread Slave thread shutdown complete
[2025-08-27  14:46:47] INFO auth/auth_shutdown Auth shutdown
[2025-08-27  14:46:47] INFO yp/yp_shutdown YP thread down
[2025-08-27  14:46:48] INFO stats/stats_shutdown stats thread finished
[2025-08-27  15:16:36] INFO main/main Icecast 2.4.4 server started
[2025-08-27  15:16:36] INFO yp/yp_update_thread YP update thread started
[2025-08-27  15:16:36] INFO connection/get_ssl_certificate No SSL capability on any configured ports
[2025-08-27  15:16:41] INFO connection/_handle_source_request Source logging in at mountpoint "/raido.mp3" from 172.19.0.6
[2025-08-27  15:16:41] WARN format/format_get_type Unsupported or legacy stream type: "audio/mpeg". Falling back to generic minimal handler for best effort.
[2025-08-27  15:16:42] INFO source/source_main listener count on /raido.mp3 now 0
[2025-08-27  15:16:42] INFO admin/admin_handle_request Received admin command metadata on mount "/raido.mp3"
[2025-08-27  15:16:42] INFO util/util_conv_string converting metadata from UTF-8 to ISO8859-1
[2025-08-27  15:16:42] INFO admin/command_metadata Metadata on mountpoint /raido.mp3 changed to "Kendrick Lamar - Backstreet Freestyle"
[2025-08-27  15:20:09] INFO admin/admin_handle_request Received admin command metadata on mount "/raido.mp3"
[2025-08-27  15:20:09] INFO util/util_conv_string converting metadata from UTF-8 to ISO8859-1
[2025-08-27  15:20:09] INFO admin/command_metadata Metadata on mountpoint /raido.mp3 changed to "Bob Marley - Trouble Dub"
[2025-08-27  15:23:37] INFO admin/admin_handle_request Received admin command metadata on mount "/raido.mp3"
[2025-08-27  15:23:37] INFO util/util_conv_string converting metadata from UTF-8 to ISO8859-1
[2025-08-27  15:23:37] INFO admin/command_metadata Metadata on mountpoint /raido.mp3 changed to "Jimi Hendrix - Stone Free"
[2025-08-27  15:27:08] INFO admin/admin_handle_request Received admin command metadata on mount "/raido.mp3"
[2025-08-27  15:27:08] INFO util/util_conv_string converting metadata from UTF-8 to ISO8859-1
[2025-08-27  15:27:08] INFO admin/command_metadata Metadata on mountpoint /raido.mp3 changed to "Portugal The Man - Guns & Dogs"
[2025-08-27  15:29:47] INFO admin/admin_handle_request Received admin command metadata on mount "/raido.mp3"
[2025-08-27  15:29:47] INFO util/util_conv_string converting metadata from UTF-8 to ISO8859-1
[2025-08-27  15:29:47] INFO admin/command_metadata Metadata on mountpoint /raido.mp3 changed to "Queen - Bicycle Race"
[2025-08-27  15:32:46] INFO admin/admin_handle_request Received admin command metadata on mount "/raido.mp3"
[2025-08-27  15:32:46] INFO util/util_conv_string converting metadata from UTF-8 to ISO8859-1
[2025-08-27  15:32:46] INFO admin/command_metadata Metadata on mountpoint /raido.mp3 changed to "Yeah Yeah Yeahs - Yeah! New York"
[2025-08-27  15:34:47] INFO admin/admin_handle_request Received admin command metadata on mount "/raido.mp3"
[2025-08-27  15:34:47] INFO util/util_conv_string converting metadata from UTF-8 to ISO8859-1
[2025-08-27  15:34:47] INFO admin/command_metadata Metadata on mountpoint /raido.mp3 changed to "The Doors - Horse Latitudes"
[2025-08-27  15:36:17] INFO admin/admin_handle_request Received admin command metadata on mount "/raido.mp3"
[2025-08-27  15:36:17] INFO util/util_conv_string converting metadata from UTF-8 to ISO8859-1
[2025-08-27  15:36:17] INFO admin/command_metadata Metadata on mountpoint /raido.mp3 changed to "Metric - Succexy"
[2025-08-27  15:39:18] INFO admin/admin_handle_request Received admin command metadata on mount "/raido.mp3"
[2025-08-27  15:39:18] INFO util/util_conv_string converting metadata from UTF-8 to ISO8859-1
[2025-08-27  15:39:18] INFO admin/command_metadata Metadata on mountpoint /raido.mp3 changed to "Deerhunter - White Ink"
[2025-08-27  15:44:28] INFO admin/admin_handle_request Received admin command metadata on mount "/raido.mp3"
[2025-08-27  15:44:28] INFO util/util_conv_string converting metadata from UTF-8 to ISO8859-1
[2025-08-27  15:44:28] INFO admin/command_metadata Metadata on mountpoint /raido.mp3 changed to "Cap'n Jazz - Olerud"
[2025-08-27  15:47:51] INFO admin/admin_handle_request Received admin command metadata on mount "/raido.mp3"
[2025-08-27  15:47:51] INFO util/util_conv_string converting metadata from UTF-8 to ISO8859-1
[2025-08-27  15:47:51] INFO admin/command_metadata Metadata on mountpoint /raido.mp3 changed to "The Thrills - Hollywood Kids"
[2025-08-27  15:53:19] INFO admin/admin_handle_request Received admin command metadata on mount "/raido.mp3"
[2025-08-27  15:53:19] INFO util/util_conv_string converting metadata from UTF-8 to ISO8859-1
[2025-08-27  15:53:19] INFO admin/command_metadata Metadata on mountpoint /raido.mp3 changed to "Devendra Banhart - Soon Is Good"
[2025-08-27  15:57:22] INFO admin/admin_handle_request Received admin command metadata on mount "/raido.mp3"
[2025-08-27  15:57:22] INFO util/util_conv_string converting metadata from UTF-8 to ISO8859-1
[2025-08-27  15:57:22] INFO admin/command_metadata Metadata on mountpoint /raido.mp3 changed to "Dr. Dog - The Beach"
[2025-08-27  16:00:58] INFO admin/admin_handle_request Received admin command metadata on mount "/raido.mp3"
[2025-08-27  16:00:58] INFO util/util_conv_string converting metadata from UTF-8 to ISO8859-1
[2025-08-27  16:00:58] INFO admin/command_metadata Metadata on mountpoint /raido.mp3 changed to "Kings Of Leon - Be Somebody"
[2025-08-27  16:04:40] INFO admin/admin_handle_request Received admin command metadata on mount "/raido.mp3"
[2025-08-27  16:04:40] INFO util/util_conv_string converting metadata from UTF-8 to ISO8859-1
[2025-08-27  16:04:40] INFO admin/command_metadata Metadata on mountpoint /raido.mp3 changed to "Playboi Carti - Location"
[2025-08-27  16:07:24] INFO admin/admin_handle_request Received admin command metadata on mount "/raido.mp3"
[2025-08-27  16:07:24] INFO util/util_conv_string converting metadata from UTF-8 to ISO8859-1
[2025-08-27  16:07:24] INFO admin/command_metadata Metadata on mountpoint /raido.mp3 changed to "David Byrne and Fatboy Slim - Ladies In Blue"
[2025-08-27  16:11:40] INFO admin/admin_handle_request Received admin command metadata on mount "/raido.mp3"
[2025-08-27  16:11:40] INFO util/util_conv_string converting metadata from UTF-8 to ISO8859-1
[2025-08-27  16:11:40] INFO admin/command_metadata Metadata on mountpoint /raido.mp3 changed to "Animal Collective - Turn Into Something"
[2025-08-27  16:12:46] INFO source/source_main listener count on /raido.mp3 now 1
[2025-08-27  16:16:55] INFO admin/admin_handle_request Bad or missing password on admin command request (command: stats.xml)
[2025-08-27  16:16:55] INFO admin/admin_handle_request Bad or missing password on admin command request (command: stats.xml)
[2025-08-27  16:17:03] INFO fserve/fserve_client_create checking for file /favicon.ico (/usr/share/icecast/web/favicon.ico)
[2025-08-27  16:17:03] WARN fserve/fserve_client_create req for file "/usr/share/icecast/web/favicon.ico" No such file or directory
[2025-08-27  16:18:05] INFO admin/admin_handle_request Received admin command metadata on mount "/raido.mp3"
[2025-08-27  16:18:05] INFO util/util_conv_string converting metadata from UTF-8 to ISO8859-1
[2025-08-27  16:18:05] INFO admin/command_metadata Metadata on mountpoint /raido.mp3 changed to "Kaytranada - Glowed Up"
[2025-08-27  16:19:37] INFO fserve/fserve_client_create checking for file /style.css (/usr/share/icecast/web/style.css)
[2025-08-27  16:19:37] INFO fserve/fserve_client_create checking for file /icecast.png (/usr/share/icecast/web/icecast.png)
[2025-08-27  16:19:37] INFO fserve/fserve_client_create checking for file /tunein.png (/usr/share/icecast/web/tunein.png)
[2025-08-27  16:22:58] INFO admin/admin_handle_request Received admin command metadata on mount "/raido.mp3"
[2025-08-27  16:22:58] INFO util/util_conv_string converting metadata from UTF-8 to ISO8859-1
[2025-08-27  16:22:58] INFO admin/command_metadata Metadata on mountpoint /raido.mp3 changed to "Grizzly Bear - Alligator"
[2025-08-27  16:24:16] INFO admin/admin_handle_request Received admin command metadata on mount "/raido.mp3"
[2025-08-27  16:24:16] INFO util/util_conv_string converting metadata from UTF-8 to ISO8859-1
[2025-08-27  16:24:16] INFO admin/command_metadata Metadata on mountpoint /raido.mp3 changed to "Lotus Plaza - Remember Our Days"
[2025-08-27  16:29:19] INFO admin/admin_handle_request Received admin command metadata on mount "/raido.mp3"
[2025-08-27  16:29:19] INFO util/util_conv_string converting metadata from UTF-8 to ISO8859-1
[2025-08-27  16:29:19] INFO admin/command_metadata Metadata on mountpoint /raido.mp3 changed to "Talking Heads - This Must Be the Place (Naive Melody)"
[2025-08-27  16:34:11] INFO admin/admin_handle_request Received admin command metadata on mount "/raido.mp3"
[2025-08-27  16:34:11] INFO util/util_conv_string converting metadata from UTF-8 to ISO8859-1
[2025-08-27  16:34:11] INFO admin/command_metadata Metadata on mountpoint /raido.mp3 changed to "Kanye West - Hell Of A Life"
[2025-08-27  16:39:33] INFO admin/admin_handle_request Received admin command metadata on mount "/raido.mp3"
[2025-08-27  16:39:33] INFO util/util_conv_string converting metadata from UTF-8 to ISO8859-1
[2025-08-27  16:39:33] INFO admin/command_metadata Metadata on mountpoint /raido.mp3 changed to "Peace Orchestra - Who Am I [Chateau Flight Remix]"
[2025-08-27  16:44:19] INFO admin/admin_handle_request Received admin command metadata on mount "/raido.mp3"
[2025-08-27  16:44:19] INFO util/util_conv_string converting metadata from UTF-8 to ISO8859-1
[2025-08-27  16:44:19] INFO admin/command_metadata Metadata on mountpoint /raido.mp3 changed to "Yo La Tengo - Beanbag Chair"
[2025-08-27  16:47:17] INFO admin/admin_handle_request Received admin command metadata on mount "/raido.mp3"
[2025-08-27  16:47:17] INFO util/util_conv_string converting metadata from UTF-8 to ISO8859-1
[2025-08-27  16:47:17] INFO admin/command_metadata Metadata on mountpoint /raido.mp3 changed to "Incubus - Sink Beneath The Line"
[2025-08-27  16:50:03] INFO source/source_main listener count on /raido.mp3 now 2
[2025-08-27  16:50:04] INFO source/source_main listener count on /raido.mp3 now 3
[2025-08-27  16:50:04] INFO source/source_main listener count on /raido.mp3 now 2
[2025-08-27  16:50:04] INFO source/source_main listener count on /raido.mp3 now 3
[2025-08-27  16:50:04] INFO source/source_main listener count on /raido.mp3 now 4
[2025-08-27  16:50:04] INFO source/source_main listener count on /raido.mp3 now 3
[2025-08-27  16:50:08] INFO source/source_main listener count on /raido.mp3 now 4
[2025-08-27  16:50:08] INFO source/source_main listener count on /raido.mp3 now 3
[2025-08-27  16:50:08] INFO source/source_main listener count on /raido.mp3 now 4
[2025-08-27  16:50:09] INFO source/source_main listener count on /raido.mp3 now 3
[2025-08-27  16:50:21] INFO source/source_main listener count on /raido.mp3 now 4
[2025-08-27  16:50:21] INFO source/source_main listener count on /raido.mp3 now 3
[2025-08-27  16:50:27] INFO admin/admin_handle_request Received admin command metadata on mount "/raido.mp3"
[2025-08-27  16:50:27] INFO util/util_conv_string converting metadata from UTF-8 to ISO8859-1
[2025-08-27  16:50:27] INFO admin/command_metadata Metadata on mountpoint /raido.mp3 changed to "Putumayo - Afshari"
[2025-08-27  16:50:37] INFO source/source_main listener count on /raido.mp3 now 2
[2025-08-27  16:53:14] INFO admin/admin_handle_request Received admin command metadata on mount "/raido.mp3"
[2025-08-27  16:53:14] INFO util/util_conv_string converting metadata from UTF-8 to ISO8859-1
[2025-08-27  16:53:14] INFO admin/command_metadata Metadata on mountpoint /raido.mp3 changed to "John Scofield - Hottentot"
[2025-08-27  16:53:23] INFO source/source_main listener count on /raido.mp3 now 3
[2025-08-27  16:53:23] INFO source/source_main listener count on /raido.mp3 now 4
[2025-08-27  16:53:23] INFO source/source_main listener count on /raido.mp3 now 3
[2025-08-27  16:53:39] INFO source/source_main listener count on /raido.mp3 now 2
[2025-08-27  16:54:34] INFO source/source_main listener count on /raido.mp3 now 3
[2025-08-27  16:54:34] INFO source/source_main listener count on /raido.mp3 now 4
[2025-08-27  16:54:34] INFO source/source_main listener count on /raido.mp3 now 3
[2025-08-27  16:54:50] INFO source/source_main listener count on /raido.mp3 now 2
[2025-08-27  16:54:51] INFO source/source_main listener count on /raido.mp3 now 3
[2025-08-27  16:54:51] INFO source/source_main listener count on /raido.mp3 now 4
[2025-08-27  16:54:51] INFO source/source_main listener count on /raido.mp3 now 3
[2025-08-27  16:55:07] INFO source/source_main listener count on /raido.mp3 now 2
[2025-08-27  16:55:58] INFO source/source_main listener count on /raido.mp3 now 3
[2025-08-27  16:55:58] INFO source/source_main listener count on /raido.mp3 now 4
[2025-08-27  16:55:58] INFO source/source_main listener count on /raido.mp3 now 3
[2025-08-27  16:56:14] INFO source/source_main listener count on /raido.mp3 now 2
[2025-08-27  16:59:55] INFO admin/admin_handle_request Received admin command metadata on mount "/raido.mp3"
[2025-08-27  16:59:55] INFO util/util_conv_string converting metadata from UTF-8 to ISO8859-1
[2025-08-27  16:59:55] INFO admin/command_metadata Metadata on mountpoint /raido.mp3 changed to "Dave Matthews Band - Don't Drink The Water"
[2025-08-27  17:06:51] INFO admin/admin_handle_request Received admin command metadata on mount "/raido.mp3"
[2025-08-27  17:06:51] INFO util/util_conv_string converting metadata from UTF-8 to ISO8859-1
[2025-08-27  17:06:51] INFO admin/command_metadata Metadata on mountpoint /raido.mp3 changed to "Childish Gambino - No Exit"
[2025-08-27  17:09:38] INFO admin/admin_handle_request Received admin command metadata on mount "/raido.mp3"
[2025-08-27  17:09:38] INFO util/util_conv_string converting metadata from UTF-8 to ISO8859-1
[2025-08-27  17:09:38] INFO admin/command_metadata Metadata on mountpoint /raido.mp3 changed to "Thom Yorke - Black Swan"
[2025-08-27  17:09:52] INFO source/get_next_buffer End of Stream /raido.mp3
[2025-08-27  17:09:52] INFO source/source_shutdown Source from 172.19.0.6 at "/raido.mp3" exiting
[2025-08-27  17:09:52] INFO source/source_clear_source 2 active listeners on /raido.mp3 released
[2025-08-27  17:09:52] INFO fserve/fserve_client_create checking for file /raido.mp3 (/usr/share/icecast/web/raido.mp3)
[2025-08-27  17:09:52] WARN fserve/fserve_client_create req for file "/usr/share/icecast/web/raido.mp3" No such file or directory
[2025-08-27  17:09:52] INFO fserve/fserve_client_create checking for file /raido.mp3 (/usr/share/icecast/web/raido.mp3)
[2025-08-27  17:09:52] WARN fserve/fserve_client_create req for file "/usr/share/icecast/web/raido.mp3" No such file or directory
[2025-08-27  17:09:55] INFO fserve/fserve_client_create checking for file /raido.mp3 (/usr/share/icecast/web/raido.mp3)
[2025-08-27  17:09:55] WARN fserve/fserve_client_create req for file "/usr/share/icecast/web/raido.mp3" No such file or directory
[2025-08-27  17:09:55] INFO fserve/fserve_client_create checking for file /raido.mp3 (/usr/share/icecast/web/raido.mp3)
[2025-08-27  17:09:55] WARN fserve/fserve_client_create req for file "/usr/share/icecast/web/raido.mp3" No such file or directory
[2025-08-27  17:09:55] INFO fserve/fserve_client_create checking for file /raido.mp3 (/usr/share/icecast/web/raido.mp3)
[2025-08-27  17:09:55] WARN fserve/fserve_client_create req for file "/usr/share/icecast/web/raido.mp3" No such file or directory
[2025-08-27  17:09:55] INFO fserve/fserve_client_create checking for file /raido.mp3 (/usr/share/icecast/web/raido.mp3)
[2025-08-27  17:09:55] WARN fserve/fserve_client_create req for file "/usr/share/icecast/web/raido.mp3" No such file or directory
[2025-08-27  17:09:55] INFO fserve/fserve_client_create checking for file /raido.mp3 (/usr/share/icecast/web/raido.mp3)
[2025-08-27  17:09:55] WARN fserve/fserve_client_create req for file "/usr/share/icecast/web/raido.mp3" No such file or directory
[2025-08-27  17:09:55] INFO fserve/fserve_client_create checking for file /raido.mp3 (/usr/share/icecast/web/raido.mp3)
[2025-08-27  17:09:55] WARN fserve/fserve_client_create req for file "/usr/share/icecast/web/raido.mp3" No such file or directory
[2025-08-27  17:09:55] INFO fserve/fserve_client_create checking for file /raido.mp3 (/usr/share/icecast/web/raido.mp3)
[2025-08-27  17:09:55] WARN fserve/fserve_client_create req for file "/usr/share/icecast/web/raido.mp3" No such file or directory
[2025-08-27  17:09:56] INFO fserve/fserve_client_create checking for file /raido.mp3 (/usr/share/icecast/web/raido.mp3)
[2025-08-27  17:09:56] WARN fserve/fserve_client_create req for file "/usr/share/icecast/web/raido.mp3" No such file or directory
[2025-08-27  17:09:56] INFO fserve/fserve_client_create checking for file /raido.mp3 (/usr/share/icecast/web/raido.mp3)
[2025-08-27  17:09:56] WARN fserve/fserve_client_create req for file "/usr/share/icecast/web/raido.mp3" No such file or directory
[2025-08-27  17:09:56] INFO fserve/fserve_client_create checking for file /raido.mp3 (/usr/share/icecast/web/raido.mp3)
[2025-08-27  17:09:56] WARN fserve/fserve_client_create req for file "/usr/share/icecast/web/raido.mp3" No such file or directory
[2025-08-27  17:09:56] INFO fserve/fserve_client_create checking for file /raido.mp3 (/usr/share/icecast/web/raido.mp3)
[2025-08-27  17:09:56] WARN fserve/fserve_client_create req for file "/usr/share/icecast/web/raido.mp3" No such file or directory
[2025-08-27  17:09:56] INFO fserve/fserve_client_create checking for file /raido.mp3 (/usr/share/icecast/web/raido.mp3)
[2025-08-27  17:09:56] WARN fserve/fserve_client_create req for file "/usr/share/icecast/web/raido.mp3" No such file or directory
[2025-08-27  17:09:56] INFO fserve/fserve_client_create checking for file /raido.mp3 (/usr/share/icecast/web/raido.mp3)
[2025-08-27  17:09:56] WARN fserve/fserve_client_create req for file "/usr/share/icecast/web/raido.mp3" No such file or directory
[2025-08-27  17:09:56] INFO fserve/fserve_client_create checking for file /raido.mp3 (/usr/share/icecast/web/raido.mp3)
[2025-08-27  17:09:56] WARN fserve/fserve_client_create req for file "/usr/share/icecast/web/raido.mp3" No such file or directory
[2025-08-27  17:09:57] INFO fserve/fserve_client_create checking for file /raido.mp3 (/usr/share/icecast/web/raido.mp3)
[2025-08-27  17:09:57] WARN fserve/fserve_client_create req for file "/usr/share/icecast/web/raido.mp3" No such file or directory
[2025-08-27  17:09:57] INFO fserve/fserve_client_create checking for file /raido.mp3 (/usr/share/icecast/web/raido.mp3)
[2025-08-27  17:09:57] WARN fserve/fserve_client_create req for file "/usr/share/icecast/web/raido.mp3" No such file or directory
[2025-08-27  17:09:57] INFO fserve/fserve_client_create checking for file /raido.mp3 (/usr/share/icecast/web/raido.mp3)
[2025-08-27  17:09:57] WARN fserve/fserve_client_create req for file "/usr/share/icecast/web/raido.mp3" No such file or directory
[2025-08-27  17:09:57] INFO fserve/fserve_client_create checking for file /raido.mp3 (/usr/share/icecast/web/raido.mp3)
[2025-08-27  17:09:57] WARN fserve/fserve_client_create req for file "/usr/share/icecast/web/raido.mp3" No such file or directory
[2025-08-27  17:09:58] INFO connection/_handle_source_request Source logging in at mountpoint "/raido.mp3" from 172.19.0.6
[2025-08-27  17:09:58] WARN format/format_get_type Unsupported or legacy stream type: "audio/mpeg". Falling back to generic minimal handler for best effort.
[2025-08-27  17:09:58] INFO source/source_main listener count on /raido.mp3 now 0
[2025-08-27  17:09:59] INFO admin/admin_handle_request Received admin command metadata on mount "/raido.mp3"
[2025-08-27  17:09:59] INFO util/util_conv_string converting metadata from UTF-8 to ISO8859-1
[2025-08-27  17:09:59] INFO admin/command_metadata Metadata on mountpoint /raido.mp3 changed to "Outkast - Bowtie (Feat. Sleepy Brown & Jazze Pha)"
[2025-08-27  17:10:06] INFO source/source_main listener count on /raido.mp3 now 1
[2025-08-27  17:10:06] INFO source/source_main listener count on /raido.mp3 now 2
[2025-08-27  17:10:06] INFO source/source_main listener count on /raido.mp3 now 1
[2025-08-27  17:10:24] INFO source/source_main listener count on /raido.mp3 now 2
[2025-08-27  17:10:24] INFO source/source_main listener count on /raido.mp3 now 3
[2025-08-27  17:10:24] INFO source/source_main listener count on /raido.mp3 now 2
[2025-08-27  17:10:41] INFO source/source_main listener count on /raido.mp3 now 1
[2025-08-27  17:10:41] INFO source/source_main listener count on /raido.mp3 now 2
[2025-08-27  17:10:41] INFO source/source_main listener count on /raido.mp3 now 3
[2025-08-27  17:10:41] INFO source/source_main listener count on /raido.mp3 now 2
[2025-08-27  17:10:57] INFO source/source_main listener count on /raido.mp3 now 1
[2025-08-27  17:13:49] INFO admin/admin_handle_request Received admin command metadata on mount "/raido.mp3"
[2025-08-27  17:13:49] INFO util/util_conv_string converting metadata from UTF-8 to ISO8859-1
[2025-08-27  17:13:49] INFO admin/command_metadata Metadata on mountpoint /raido.mp3 changed to "St. Vincent - The Bed"
[2025-08-27  17:17:27] INFO admin/admin_handle_request Received admin command metadata on mount "/raido.mp3"
[2025-08-27  17:17:27] INFO util/util_conv_string converting metadata from UTF-8 to ISO8859-1
[2025-08-27  17:17:27] INFO admin/command_metadata Metadata on mountpoint /raido.mp3 changed to "The Black Ghosts - Anyway You Choose To Give It - Radio Edit"
[2025-08-27  17:20:45] INFO admin/admin_handle_request Received admin command metadata on mount "/raido.mp3"
[2025-08-27  17:20:45] INFO util/util_conv_string converting metadata from UTF-8 to ISO8859-1
[2025-08-27  17:20:45] INFO admin/command_metadata Metadata on mountpoint /raido.mp3 changed to "Sufjan Stevens - They Are Night Zombies!! They Are Neighbors!! They Have Come Back From The Dead!! Ahhhh!"
[2025-08-27  17:25:50] INFO admin/admin_handle_request Received admin command metadata on mount "/raido.mp3"
[2025-08-27  17:25:50] INFO util/util_conv_string converting metadata from UTF-8 to ISO8859-1
[2025-08-27  17:25:50] INFO admin/command_metadata Metadata on mountpoint /raido.mp3 changed to "Chumbawamba - Creepy Crawling"
[2025-08-27  17:29:49] INFO admin/admin_handle_request Received admin command metadata on mount "/raido.mp3"
[2025-08-27  17:29:49] INFO util/util_conv_string converting metadata from UTF-8 to ISO8859-1
[2025-08-27  17:29:49] INFO admin/command_metadata Metadata on mountpoint /raido.mp3 changed to "The Brian Jonestown Massacre - (You Better Love Me) Before I Am Gone"
[2025-08-27  17:33:19] INFO admin/admin_handle_request Received admin command metadata on mount "/raido.mp3"
[2025-08-27  17:33:19] INFO util/util_conv_string converting metadata from UTF-8 to ISO8859-1
[2025-08-27  17:33:19] INFO admin/command_metadata Metadata on mountpoint /raido.mp3 changed to "The Jimi Hendrix Experience - Castles Made of Sand"
[2025-08-27  17:36:01] INFO admin/admin_handle_request Received admin command metadata on mount "/raido.mp3"
[2025-08-27  17:36:01] INFO util/util_conv_string converting metadata from UTF-8 to ISO8859-1
[2025-08-27  17:36:01] INFO admin/command_metadata Metadata on mountpoint /raido.mp3 changed to "Jefferson Airplane - Leaving On A Jet Plane"
[2025-08-27  17:40:36] INFO admin/admin_handle_request Received admin command metadata on mount "/raido.mp3"
[2025-08-27  17:40:36] INFO util/util_conv_string converting metadata from UTF-8 to ISO8859-1
[2025-08-27  17:40:36] INFO admin/command_metadata Metadata on mountpoint /raido.mp3 changed to "The Roots - Redford (For Yia-Yia & Pappou)"
[2025-08-27  17:42:23] INFO admin/admin_handle_request Received admin command metadata on mount "/raido.mp3"
[2025-08-27  17:42:23] INFO util/util_conv_string converting metadata from UTF-8 to ISO8859-1
[2025-08-27  17:42:23] INFO admin/command_metadata Metadata on mountpoint /raido.mp3 changed to "Paul McCartney & Wings - Mamunia"
[2025-08-27  17:45:43] INFO source/source_main listener count on /raido.mp3 now 2
[2025-08-27  17:45:44] INFO source/source_main listener count on /raido.mp3 now 1
[2025-08-27  17:45:44] INFO source/source_main listener count on /raido.mp3 now 2
[2025-08-27  17:46:50] INFO fserve/fserve_client_create checking for file /api/v1/now/ (/usr/share/icecast/web/api/v1/now/)
[2025-08-27  17:46:50] WARN fserve/fserve_client_create req for file "/usr/share/icecast/web/api/v1/now/" No such file or directory
[2025-08-27  17:46:53] INFO fserve/fserve_client_create checking for file /api/v1/now/ (/usr/share/icecast/web/api/v1/now/)
[2025-08-27  17:46:53] WARN fserve/fserve_client_create req for file "/usr/share/icecast/web/api/v1/now/" No such file or directory
[2025-08-27  17:47:09] INFO admin/admin_handle_request Received admin command metadata on mount "/raido.mp3"
[2025-08-27  17:47:09] INFO util/util_conv_string converting metadata from UTF-8 to ISO8859-1
[2025-08-27  17:47:09] INFO admin/command_metadata Metadata on mountpoint /raido.mp3 changed to "Guster - Backyard"
[2025-08-27  17:50:00] INFO admin/admin_handle_request Received admin command metadata on mount "/raido.mp3"
[2025-08-27  17:50:00] INFO util/util_conv_string converting metadata from UTF-8 to ISO8859-1
[2025-08-27  17:50:00] INFO admin/command_metadata Metadata on mountpoint /raido.mp3 changed to "Sublime - Santeria"
[2025-08-27  17:52:58] INFO admin/admin_handle_request Received admin command metadata on mount "/raido.mp3"
[2025-08-27  17:52:58] INFO util/util_conv_string converting metadata from UTF-8 to ISO8859-1
[2025-08-27  17:52:58] INFO admin/command_metadata Metadata on mountpoint /raido.mp3 changed to "Dave Matthews Band - Pay For What You Get"
[2025-08-27  17:57:25] INFO admin/admin_handle_request Received admin command metadata on mount "/raido.mp3"
[2025-08-27  17:57:25] INFO util/util_conv_string converting metadata from UTF-8 to ISO8859-1
[2025-08-27  17:57:25] INFO admin/command_metadata Metadata on mountpoint /raido.mp3 changed to "Band Of Horses - Weed Party"
[2025-08-27  17:57:38] INFO source/source_main listener count on /raido.mp3 now 3
[2025-08-27  17:57:38] INFO source/source_main listener count on /raido.mp3 now 4
[2025-08-27  17:57:38] INFO source/source_main listener count on /raido.mp3 now 3
[2025-08-27  17:57:43] INFO source/source_main listener count on /raido.mp3 now 1
[2025-08-27  18:00:30] INFO admin/admin_handle_request Received admin command metadata on mount "/raido.mp3"
[2025-08-27  18:00:30] INFO util/util_conv_string converting metadata from UTF-8 to ISO8859-1
[2025-08-27  18:00:30] INFO admin/command_metadata Metadata on mountpoint /raido.mp3 changed to "Bob Marley - Running Away "
[2025-08-27  18:00:43] INFO source/send_to_listener Client 100 (192.168.1.170) has fallen too far behind, removing
[2025-08-27  18:00:43] INFO source/source_main listener count on /raido.mp3 now 0
[2025-08-27  18:04:40] INFO admin/admin_handle_request Received admin command metadata on mount "/raido.mp3"
[2025-08-27  18:04:40] INFO util/util_conv_string converting metadata from UTF-8 to ISO8859-1
[2025-08-27  18:04:40] INFO admin/command_metadata Metadata on mountpoint /raido.mp3 changed to "Cat Stevens - Majik Of Majiks"
[2025-08-27  18:09:07] INFO admin/admin_handle_request Received admin command metadata on mount "/raido.mp3"
[2025-08-27  18:09:07] INFO util/util_conv_string converting metadata from UTF-8 to ISO8859-1
[2025-08-27  18:09:07] INFO admin/command_metadata Metadata on mountpoint /raido.mp3 changed to "Phish - Tomorrows Song"
[2025-08-27  18:10:54] INFO admin/admin_handle_request Received admin command metadata on mount "/raido.mp3"
[2025-08-27  18:10:54] INFO util/util_conv_string converting metadata from UTF-8 to ISO8859-1
[2025-08-27  18:10:54] INFO admin/command_metadata Metadata on mountpoint /raido.mp3 changed to "Flatbush ZOMBiES - Breakfast AT ePiffanies feat. Erick Arc Elliott (Prod. By Erick Arc Elliott)"
[2025-08-27  18:15:14] INFO admin/admin_handle_request Received admin command metadata on mount "/raido.mp3"
[2025-08-27  18:15:14] INFO util/util_conv_string converting metadata from UTF-8 to ISO8859-1
[2025-08-27  18:15:14] INFO admin/command_metadata Metadata on mountpoint /raido.mp3 changed to "Beach House - Wild"
[2025-08-27  18:20:08] INFO admin/admin_handle_request Received admin command metadata on mount "/raido.mp3"
[2025-08-27  18:20:08] INFO util/util_conv_string converting metadata from UTF-8 to ISO8859-1
[2025-08-27  18:20:08] INFO admin/command_metadata Metadata on mountpoint /raido.mp3 changed to "Broken Social Scene - Our Faces Split The Coast In Half"
[2025-08-27  18:23:45] INFO admin/admin_handle_request Received admin command metadata on mount "/raido.mp3"
[2025-08-27  18:23:45] INFO util/util_conv_string converting metadata from UTF-8 to ISO8859-1
[2025-08-27  18:23:45] INFO admin/command_metadata Metadata on mountpoint /raido.mp3 changed to "Feist - Snow lion"
[2025-08-27  18:27:16] INFO admin/admin_handle_request Received admin command metadata on mount "/raido.mp3"
[2025-08-27  18:27:16] INFO util/util_conv_string converting metadata from UTF-8 to ISO8859-1
[2025-08-27  18:27:16] INFO admin/command_metadata Metadata on mountpoint /raido.mp3 changed to "Working For a Nuclear Free City - Troubled Son"
[2025-08-27  18:30:00] INFO admin/admin_handle_request Received admin command metadata on mount "/raido.mp3"
[2025-08-27  18:30:00] INFO util/util_conv_string converting metadata from UTF-8 to ISO8859-1
[2025-08-27  18:30:00] INFO admin/command_metadata Metadata on mountpoint /raido.mp3 changed to "Karen O and the Kids - Hidaway"
[2025-08-27  18:35:06] INFO admin/admin_handle_request Received admin command metadata on mount "/raido.mp3"
[2025-08-27  18:35:06] INFO util/util_conv_string converting metadata from UTF-8 to ISO8859-1
[2025-08-27  18:35:06] INFO admin/command_metadata Metadata on mountpoint /raido.mp3 changed to "Kanye West/Jay-Z - Primetime"
[2025-08-27  18:38:20] INFO admin/admin_handle_request Received admin command metadata on mount "/raido.mp3"
[2025-08-27  18:38:20] INFO util/util_conv_string converting metadata from UTF-8 to ISO8859-1
[2025-08-27  18:38:20] INFO admin/command_metadata Metadata on mountpoint /raido.mp3 changed to "Drake & Future - Live From the Gutter"
[2025-08-27  18:41:47] INFO admin/admin_handle_request Received admin command metadata on mount "/raido.mp3"
[2025-08-27  18:41:47] INFO util/util_conv_string converting metadata from UTF-8 to ISO8859-1
[2025-08-27  18:41:47] INFO admin/command_metadata Metadata on mountpoint /raido.mp3 changed to "Red Hot Chili Peppers - Breaking The Girl"
[2025-08-27  18:46:37] INFO admin/admin_handle_request Received admin command metadata on mount "/raido.mp3"
[2025-08-27  18:46:37] INFO util/util_conv_string converting metadata from UTF-8 to ISO8859-1
[2025-08-27  18:46:37] INFO admin/command_metadata Metadata on mountpoint /raido.mp3 changed to "The War On Drugs - Eyes to the Wind"
[2025-08-27  18:52:28] INFO admin/admin_handle_request Received admin command metadata on mount "/raido.mp3"
[2025-08-27  18:52:28] INFO util/util_conv_string converting metadata from UTF-8 to ISO8859-1
[2025-08-27  18:52:28] INFO admin/command_metadata Metadata on mountpoint /raido.mp3 changed to "Beyonce - Love On Top"
[2025-08-27  18:56:50] INFO admin/admin_handle_request Received admin command metadata on mount "/raido.mp3"
[2025-08-27  18:56:50] INFO util/util_conv_string converting metadata from UTF-8 to ISO8859-1
[2025-08-27  18:56:50] INFO admin/command_metadata Metadata on mountpoint /raido.mp3 changed to "Prem Joshua - Water Down the Ganges"
[2025-08-27  19:03:53] INFO admin/admin_handle_request Received admin command metadata on mount "/raido.mp3"
[2025-08-27  19:03:53] INFO util/util_conv_string converting metadata from UTF-8 to ISO8859-1
[2025-08-27  19:03:53] INFO admin/command_metadata Metadata on mountpoint /raido.mp3 changed to "Brand New - 137"
[2025-08-27  19:08:50] INFO admin/admin_handle_request Received admin command metadata on mount "/raido.mp3"
[2025-08-27  19:08:50] INFO util/util_conv_string converting metadata from UTF-8 to ISO8859-1
[2025-08-27  19:08:50] INFO admin/command_metadata Metadata on mountpoint /raido.mp3 changed to "Flo Milli - Weak"
[2025-08-27  19:11:21] INFO admin/admin_handle_request Received admin command metadata on mount "/raido.mp3"
[2025-08-27  19:11:21] INFO util/util_conv_string converting metadata from UTF-8 to ISO8859-1
[2025-08-27  19:11:21] INFO admin/command_metadata Metadata on mountpoint /raido.mp3 changed to "Prince - Copenhagen Soundcheck"
[2025-08-27  19:24:44] INFO admin/admin_handle_request Received admin command metadata on mount "/raido.mp3"
[2025-08-27  19:24:44] INFO util/util_conv_string converting metadata from UTF-8 to ISO8859-1
[2025-08-27  19:24:44] INFO admin/command_metadata Metadata on mountpoint /raido.mp3 changed to "Notorious B.I.G - Niggas Bleed"
[2025-08-27  19:29:31] INFO admin/admin_handle_request Received admin command metadata on mount "/raido.mp3"
[2025-08-27  19:29:31] INFO util/util_conv_string converting metadata from UTF-8 to ISO8859-1
[2025-08-27  19:29:31] INFO admin/command_metadata Metadata on mountpoint /raido.mp3 changed to "Cage The Elephant - Lotus"
[2025-08-27  19:32:39] INFO source/source_main listener count on /raido.mp3 now 1
[2025-08-27  19:32:39] INFO source/source_main listener count on /raido.mp3 now 0
[2025-08-27  19:32:39] INFO source/source_main listener count on /raido.mp3 now 1
[2025-08-27  19:32:42] INFO admin/admin_handle_request Received admin command metadata on mount "/raido.mp3"
[2025-08-27  19:32:42] INFO util/util_conv_string converting metadata from UTF-8 to ISO8859-1
[2025-08-27  19:32:42] INFO admin/command_metadata Metadata on mountpoint /raido.mp3 changed to "Schoolboy Q - How We Feeling"
[2025-08-27  19:35:49] INFO admin/admin_handle_request Received admin command metadata on mount "/raido.mp3"
[2025-08-27  19:35:49] INFO util/util_conv_string converting metadata from UTF-8 to ISO8859-1
[2025-08-27  19:35:49] INFO admin/command_metadata Metadata on mountpoint /raido.mp3 changed to "Black Moth Super Rainbow - I Think It Is Beautiful That You Are 256 Colors Too"
[2025-08-27  19:38:50] INFO admin/admin_handle_request Received admin command metadata on mount "/raido.mp3"
[2025-08-27  19:38:50] INFO util/util_conv_string converting metadata from UTF-8 to ISO8859-1
[2025-08-27  19:38:50] INFO admin/command_metadata Metadata on mountpoint /raido.mp3 changed to "Danger Mouse - What More Can I Say"
[2025-08-27  19:43:11] INFO admin/admin_handle_request Received admin command metadata on mount "/raido.mp3"
[2025-08-27  19:43:11] INFO util/util_conv_string converting metadata from UTF-8 to ISO8859-1
[2025-08-27  19:43:11] INFO admin/command_metadata Metadata on mountpoint /raido.mp3 changed to "Hey Mercedes - Every Turn"
[2025-08-27  19:43:45] INFO source/source_main listener count on /raido.mp3 now 2
[2025-08-27  19:44:33] INFO source/send_to_listener Client 135 (172.19.0.1) has fallen too far behind, removing
[2025-08-27  19:44:33] INFO source/source_main listener count on /raido.mp3 now 1
